Processing folder with 10 iterations
Traceback (most recent call last):
  File "./evaluate.py", line 150, in <module>
    main()
  File "./evaluate.py", line 12, in main
    evaluate_dir(directory)
  File "./evaluate.py", line 31, in evaluate_dir
    gibbs(path, iterations)
  File "/Users/brett/school/cs/466/466-project/findMotif.py", line 196, in gibbs
    length_file = open(length_path, 'r')
IOError: [Errno 2] No such file or directory: 'data/2014-05-07-164830/motiflength.txt'
Processing folder with 10 iterations
Traceback (most recent call last):
  File "./evaluate.py", line 150, in <module>
    main()
  File "./evaluate.py", line 12, in main
    evaluate_dir(directory)
  File "./evaluate.py", line 31, in evaluate_dir
    gibbs(path, iterations)
  File "/Users/brett/school/cs/466/466-project/findMotif.py", line 196, in gibbs
    length_file = open(length_path, 'r')
IOError: [Errno 2] No such file or directory: 'data/2014-04-29-222438/motiflength.txt'
Processing folder with 10 iterations
Traceback (most recent call last):
  File "./evaluate.py", line 150, in <module>
    main()
  File "./evaluate.py", line 12, in main
    evaluate_dir(directory)
  File "./evaluate.py", line 31, in evaluate_dir
    gibbs(path, iterations)
  File "/Users/brett/school/cs/466/466-project/findMotif.py", line 196, in gibbs
    length_file = open(length_path, 'r')
IOError: [Errno 2] No such file or directory: 'data/2014-05-07-164837/motiflength.txt'
Processing folder with 10 iterations
Traceback (most recent call last):
  File "./evaluate.py", line 150, in <module>
    main()
  File "./evaluate.py", line 12, in main
    evaluate_dir(directory)
  File "./evaluate.py", line 31, in evaluate_dir
    gibbs(path, iterations)
  File "/Users/brett/school/cs/466/466-project/findMotif.py", line 196, in gibbs
    length_file = open(length_path, 'r')
IOError: [Errno 2] No such file or directory: 'data/2014-05-07-164836/motiflength.txt'
Processing folder with 10 iterations
Traceback (most recent call last):
  File "./evaluate.py", line 150, in <module>
    main()
  File "./evaluate.py", line 12, in main
    evaluate_dir(directory)
  File "./evaluate.py", line 31, in evaluate_dir
    gibbs(path, iterations)
  File "/Users/brett/school/cs/466/466-project/findMotif.py", line 196, in gibbs
    length_file = open(length_path, 'r')
IOError: [Errno 2] No such file or directory: 'data/2014-05-07-164835/motiflength.txt'
Processing folder with 10 iterations
Traceback (most recent call last):
  File "./evaluate.py", line 150, in <module>
    main()
  File "./evaluate.py", line 12, in main
    evaluate_dir(directory)
  File "./evaluate.py", line 31, in evaluate_dir
    gibbs(path, iterations)
  File "/Users/brett/school/cs/466/466-project/findMotif.py", line 196, in gibbs
    length_file = open(length_path, 'r')
IOError: [Errno 2] No such file or directory: 'data/2014-05-07-164832/motiflength.txt'
Processing folder with 10 iterations
Traceback (most recent call last):
  File "./evaluate.py", line 150, in <module>
Processing folder with 10 iterations
Traceback (most recent call last):
  File "./evaluate.py", line 150, in <module>
    main()
  File "./evaluate.py", line 12, in main
    evaluate_dir(directory)
  File "./evaluate.py", line 31, in evaluate_dir
    gibbs(path, iterations)
  File "/Users/brett/school/cs/466/466-project/findMotif.py", line 196, in gibbs
    length_file = open(length_path, 'r')
IOError: [Errno 2] No such file or directory: 'data/2014-05-07-164833/motiflength.txt'
Processing folder with 10 iterations
Traceback (most recent call last):
  File "./evaluate.py", line 150, in <module>
    main()
  File "./evaluate.py", line 12, in main
    evaluate_dir(directory)
  File "./evaluate.py", line 31, in evaluate_dir
    gibbs(path, iterations)
  File "/Users/brett/school/cs/466/466-project/findMotif.py", line 196, in gibbs
    length_file = open(length_path, 'r')
IOError: [Errno 2] No such file or directory: 'data/2014-05-07-164834/motiflength.txt'
Processing folder with 10 iterations
Traceback (most recent call last):
  File "./evaluate.py", line 150, in <module>
    main()
  File "./evaluate.py", line 12, in main
    evaluate_dir(directory)
  File "./evaluate.py", line 31, in evaluate_dir
    gibbs(path, iterations)
  File "/Users/brett/school/cs/466/466-project/findMotif.py", line 196, in gibbs
    length_file = open(length_path, 'r')
IOError: [Errno 2] No such file or directory: 'data/2014-05-07-200018_ds0/motiflength.txt'
Processing folder with 10 iterations
Traceback (most recent call last):
  File "./evaluate.py", line 150, in <module>
    main()
  File "./evaluate.py", line 12, in main
    evaluate_dir(directory)
  File "./evaluate.py", line 31, in evaluate_dir
    gibbs(path, iterations)
  File "/Users/brett/school/cs/466/466-project/findMotif.py", line 196, in gibbs
    length_file = open(length_path, 'r')
IOError: [Errno 2] No such file or directory: 'data/2014-05-07-164838/motiflength.txt'
    main()
  File "./evaluate.py", line 12, in main
    evaluate_dir(directory)
  File "./evaluate.py", line 31, in evaluate_dir
    gibbs(path, iterations)
  File "/Users/brett/school/cs/466/466-project/findMotif.py", line 196, in gibbs
    length_file = open(length_path, 'r')
IOError: [Errno 2] No such file or directory: 'data/2014-05-07-164831/motiflength.txt'
Processing folder with 10 iterations
Motif: [[ 0.08333333  0.25        0.41666667  0.25      ]
 [ 0.25        0.25        0.41666667  0.08333333]
 [ 0.08333333  0.25        0.41666667  0.25      ]
 [ 0.08333333  0.08333333  0.25        0.58333333]
 [ 0.58333333  0.08333333  0.08333333  0.25      ]
 [ 0.75        0.08333333  0.08333333  0.08333333]
 [ 0.08333333  0.08333333  0.41666667  0.41666667]
 [ 0.25        0.25        0.08333333  0.41666667]]
Sites: [  41.  119.  311.  358.  286.]
g
g
g
t
a
a
g
t
took time(seconds):55.9560549259
That took 55.9561698437 sec!
-0.021202635362
-0.0533913936107
0.822077343742
0.789888585494
-0.0321887582487
-0.0643775164974
0.811091220856
0.789888585494
-0.021202635362
-0.0533913936107
0.822077343742
0.789888585494
-0.021202635362
-0.042405270724
1.3438890904
1.30322735354
-0.0406617368525
2.44424491294
2.42304227757
2.39085351933
-0.0431748811354
2.44173176865
2.42052913329
2.39932649793
2.48490664979
2.46370401443
2.42640699994
2.38910998545
-0.0321887582487
1.35410560287
1.33290296751
1.29560595302
12.1477890658
Processing folder with 10 iterations
Motif: [[ 0.08333333  0.25        0.41666667  0.25      ]
 [ 0.08333333  0.75        0.08333333  0.08333333]
 [ 0.25        0.08333333  0.08333333  0.58333333]
 [ 0.08333333  0.41666667  0.08333333  0.41666667]
 [ 0.08333333  0.41666667  0.08333333  0.41666667]
 [ 0.58333333  0.08333333  0.25        0.08333333]
 [ 0.08333333  0.25        0.41666667  0.25      ]
 [ 0.25        0.41666667  0.08333333  0.25      ]]
Sites: [ 269.  215.  321.   20.  248.]
g
c
t
c
c
a
g
c
took time(seconds):56.0352618694
That took 56.0353748798 sec!
2.48490664979
2.45271789154
2.41542087705
2.3832321188
2.48490664979
2.44173176865
2.42052913329
2.39932649793
-0.0321887582487
-0.0533913936107
2.43151525618
2.39085351933
-0.021202635362
-0.0584996498483
2.42640699994
2.38910998545
-0.021202635362
-0.0584996498483
-0.0797022852103
0.795766452143
-0.0406617368525
-0.0618643722145
-0.0940531304632
2.39085351933
-0.021202635362
1.36509172576
1.32779471127
1.29560595302
-0.0321887582487
-0.069485772735
2.41542087705
2.3832321188
16.4279801648
Processing folder with 10 iterations
Motif: [[ 0.58333333  0.25        0.08333333  0.08333333]
 [ 0.58333333  0.25        0.08333333  0.08333333]
 [ 0.08333333  0.58333333  0.25        0.08333333]
 [ 0.08333333  0.25        0.58333333  0.08333333]
 [ 0.25        0.25        0.41666667  0.08333333]
 [ 0.08333333  0.08333333  0.58333333  0.25      ]
 [ 0.08333333  0.75        0.08333333  0.08333333]
 [ 0.25        0.25        0.41666667  0.08333333]]
Sites: [ 194.  293.  270.  447.  439.]
a
a
c
g
g
g
c
g
took time(seconds):55.8775911331
That took 55.8777070045 sec!
-0.211824465097
-0.211824465097
0.0628286070705
0.337481679238
-0.0406617368525
1.34563262427
1.32442998891
1.30322735354
-0.021202635362
-0.0618643722145
1.32442998891
1.30322735354
-0.021202635362
1.36509172576
1.32442998891
1.30322735354
-0.0321887582487
-0.0643775164974
0.811091220856
0.789888585494
2.48490664979
2.46370401443
2.42304227757
2.39085351933
2.48490664979
2.44173176865
2.42052913329
2.39932649793
-0.0321887582487
-0.0643775164974
-0.101674530984
2.3832321188
12.2104644614
Processing folder with 10 iterations
Motif: [[ 0.58333333  0.08333333  0.08333333  0.25      ]
 [ 0.25        0.41666667  0.08333333  0.25      ]
 [ 0.41666667  0.08333333  0.25        0.25      ]
 [ 0.08333333  0.25        0.25        0.41666667]
 [ 0.41666667  0.08333333  0.41666667  0.08333333]
 [ 0.08333333  0.25        0.58333333  0.08333333]
 [ 0.25        0.41666667  0.08333333  0.25      ]
 [ 0.08333333  0.08333333  0.75        0.08333333]]
Sites: [ 262.  394.  466.  398.  202.]
a
c
a
t
a
g
c
g
took time(seconds):57.3675150871
That took 57.3676378727 sec!
-0.211824465097
0.0628286070705
0.337481679238
0.337481679238
-0.0321887582487
-0.069485772735
-0.090688408097
1.29560595302
-0.0372970144863
2.4476096353
2.41542087705
2.3832321188
-0.021202635362
-0.0533913936107
1.33290296751
1.29560595302
0.875468737353
0.854266101991
0.816969087505
0.795766452143
-0.021202635362
1.36509172576
1.32442998891
1.30322735354
-0.0321887582487
-0.069485772735
-0.090688408097
1.29560595302
2.48490664979
2.46370401443
2.42052913329
2.39932649793
11.1058519607
Processing folder with 10 iterations
Motif: [[ 0.08333333  0.25        0.25        0.41666667]
 [ 0.58333333  0.25        0.08333333  0.08333333]
 [ 0.41666667  0.25        0.08333333  0.25      ]
 [ 0.08333333  0.08333333  0.25        0.58333333]
 [ 0.08333333  0.08333333  0.58333333  0.25      ]
 [ 0.25        0.25        0.08333333  0.41666667]
 [ 0.08333333  0.08333333  0.58333333  0.25      ]
 [ 0.25        0.08333333  0.08333333  0.58333333]]
Sites: [  72.  221.   92.  352.  377.]
t
a
a
t
g
t
g
t
took time(seconds):57.0367109776
That took 57.0368280411 sec!
-0.021202635362
1.36509172576
1.33290296751
1.29560595302
0.538996500733
0.506807742485
0.485605107123
0.464402471761
-0.0372970144863
-0.069485772735
-0.090688408097
1.29560595302
0.274653072167
0.549306144334
0.549306144334
0.337481679238
-0.021202635362
2.46370401443
2.42304227757
2.39085351933
-0.0321887582487
-0.0643775164974
2.42052913329
2.3832321188
-0.021202635362
-0.042405270724
-0.0830670075765
1.30322735354
1.38629436112
1.36509172576
1.3438890904
1.30322735354
10.7736364023
Processing folder with 10 iterations
Motif: [[ 0.25        0.58333333  0.08333333  0.08333333]
 [ 0.08333333  0.41666667  0.08333333  0.41666667]
 [ 0.41666667  0.08333333  0.41666667  0.08333333]
 [ 0.25        0.08333333  0.08333333  0.58333333]
 [ 0.41666667  0.25        0.25        0.08333333]
 [ 0.41666667  0.41666667  0.08333333  0.08333333]
 [ 0.41666667  0.08333333  0.08333333  0.41666667]
 [ 0.41666667  0.25        0.25        0.08333333]]
Sites: [ 392.    7.  404.  475.  370.]
c
c
a
t
a
a
a
a
took time(seconds):57.1180398464
That took 57.1181540489 sec!
-0.0321887582487
0.506807742485
0.485605107123
0.464402471761
-0.021202635362
0.854266101991
0.833063466629
0.795766452143
0.875468737353
0.854266101991
0.816969087505
0.795766452143
-0.0321887582487
2.45271789154
2.43151525618
2.39085351933
-0.0372970144863
-0.069485772735
-0.101674530984
2.3832321188
0.875468737353
0.838171722867
0.816969087505
0.795766452143
-0.0372970144863
-0.0584996498483
2.42640699994
2.38910998545
-0.0372970144863
-0.069485772735
-0.101674530984
2.3832321188
12.3981295706
Processing folder with 10 iterations
Motif: [[ 0.08333333  0.08333333  0.25        0.58333333]
 [ 0.25        0.25        0.08333333  0.41666667]
 [ 0.25        0.58333333  0.08333333  0.08333333]
 [ 0.08333333  0.58333333  0.25        0.08333333]
 [ 0.08333333  0.25        0.08333333  0.58333333]
 [ 0.58333333  0.25        0.08333333  0.08333333]
 [ 0.08333333  0.08333333  0.25        0.58333333]
 [ 0.25        0.08333333  0.08333333  0.58333333]]
Sites: [ 218.  414.  288.  291.  162.]
t
t
c
c
t
a
t
t
took time(seconds):57.1851110458
That took 57.1852269173 sec!
-0.021202635362
-0.042405270724
-0.0745940289727
0.464402471761
-0.0321887582487
-0.0643775164974
2.42052913329
2.3832321188
1.38629436112
1.34563262427
1.32442998891
1.30322735354
-0.021202635362
-0.0618643722145
-0.0940531304632
2.39085351933
2.48490664979
2.45271789154
2.43151525618
2.39085351933
0.538996500733
0.506807742485
0.485605107123
0.464402471761
-0.021202635362
-0.042405270724
1.3438890904
1.30322735354
-0.0321887582487
-0.0533913936107
-0.0745940289727
0.464402471761
11.1646012798
Processing folder with 10 iterations
Motif: [[ 0.08333333  0.41666667  0.25        0.25      ]
 [ 0.25        0.08333333  0.41666667  0.25      ]
 [ 0.41666667  0.25        0.25        0.08333333]
 [ 0.08333333  0.25        0.08333333  0.58333333]
 [ 0.08333333  0.08333333  0.58333333  0.25      ]
 [ 0.25        0.08333333  0.25        0.41666667]
 [ 0.08333333  0.58333333  0.08333333  0.25      ]
 [ 0.41666667  0.08333333  0.08333333  0.41666667]]
Sites: [ 453.  291.  259.  146.  345.]
c
g
a
t
g
t
c
a
took time(seconds):57.3746840954
That took 57.3747940063 sec!
2.48490664979
2.4476096353
2.41542087705
2.3832321188
-0.0321887582487
2.45271789154
2.41542087705
2.3832321188
0.875468737353
0.843279979104
0.811091220856
0.789888585494
-0.021202635362
-0.0533913936107
2.43151525618
2.39085351933
2.48490664979
2.46370401443
2.42304227757
2.39085351933
-0.0321887582487
-0.0533913936107
1.33290296751
1.29560595302
-0.021202635362
-0.0618643722145
-0.0830670075765
1.30322735354
-0.0372970144863
2.4476096353
2.42640699994
2.38910998545
15.3260031538
Processing folder with 10 iterations
Motif: [[ 0.25        0.58333333  0.08333333  0.08333333]
 [ 0.08333333  0.25        0.08333333  0.58333333]
 [ 0.08333333  0.08333333  0.75        0.08333333]
 [ 0.41666667  0.41666667  0.08333333  0.08333333]
 [ 0.08333333  0.08333333  0.08333333  0.75      ]
 [ 0.75        0.08333333  0.08333333  0.08333333]
 [ 0.25        0.08333333  0.08333333  0.58333333]
 [ 0.41666667  0.08333333  0.08333333  0.41666667]]
Sites: [ 359.  124.  489.  142.  453.]
c
t
g
a
t
a
t
a
took time(seconds):58.0441651344
That took 58.0508110523 sec!
-0.0321887582487
0.506807742485
0.485605107123
0.464402471761
-0.021202635362
1.36509172576
1.3438890904
1.30322735354
-0.021202635362
2.46370401443
2.42052913329
2.39932649793
-0.0372970144863
-0.0745940289727
-0.0957966643347
2.38910998545
-0.021202635362
2.46370401443
2.44250137906
2.39932649793
0.287682072452
0.26647943709
0.245276801728
0.224074166366
-0.0321887582487
2.45271789154
2.43151525618
2.39085351933
0.875468737353
0.854266101991
0.833063466629
0.795766452143
12.3660869444
Processing folder with 10 iterations
Motif: [[ 0.5         0.04545455  0.31818182  0.13636364]
 [ 0.04545455  0.40909091  0.13636364  0.40909091]
 [ 0.31818182  0.13636364  0.40909091  0.13636364]
 [ 0.04545455  0.31818182  0.40909091  0.22727273]
 [ 0.04545455  0.13636364  0.13636364  0.68181818]
 [ 0.13636364  0.40909091  0.31818182  0.13636364]]
Sites: [ 456.  361.  363.  396.   29.  465.  408.  196.   31.   95.]
a
c
g
g
t
c
took time(seconds):58.400988102
That took 58.4010989666 sec!
-0.0391202300543
-0.0542615073806
-0.0888618861974
1.90356827849
-0.0151412773263
-0.0522548004259
1.94017536426
1.90306184116
-0.0346003788169
1.95782978587
1.92071626277
1.89458886256
-0.0151412773263
1.12999102698
1.09287750388
1.06164184743
-0.0151412773263
-0.0412686775393
1.95116148715
1.90893970781
-0.026127400213
0.867690475809
0.833090096992
0.806962696779
9.47876323423
Processing folder with 10 iterations
Motif: [[ 0.13636364  0.31818182  0.04545455  0.5       ]
 [ 0.22727273  0.5         0.22727273  0.04545455]
 [ 0.31818182  0.31818182  0.13636364  0.22727273]
 [ 0.31818182  0.22727273  0.22727273  0.22727273]
 [ 0.13636364  0.40909091  0.22727273  0.22727273]
 [ 0.59090909  0.13636364  0.04545455  0.22727273]
 [ 0.22727273  0.40909091  0.04545455  0.31818182]]
Sites: [   6.  307.  468.   90.  413.  314.  371.  115.  479.  140.]
t
c
a
a
c
a
c
took time(seconds):58.4744019508
That took 58.4745509624 sec!
-0.026127400213
1.11900490409
1.10386362676
1.06474339671
-0.0312356564507
-0.0703558865049
1.41124865442
1.39610737709
1.1451323043
1.11053192549
1.08440452527
1.05316886882
-0.0346003788169
-0.0658360352675
-0.0970716917182
1.3845328492
-0.026127400213
-0.0632409233127
1.41836361761
1.38712796116
0.526093095897
0.499965695684
0.484824418358
0.453588761907
-0.0312356564507
-0.0683491795503
-0.0834904568766
1.06164184743
7.80091106232
Processing folder with 10 iterations
Motif: [[ 0.04545455  0.22727273  0.22727273  0.5       ]
 [ 0.5         0.04545455  0.22727273  0.22727273]
 [ 0.04545455  0.5         0.04545455  0.40909091]
 [ 0.04545455  0.13636364  0.59090909  0.22727273]
 [ 0.04545455  0.77272727  0.04545455  0.13636364]
 [ 0.59090909  0.04545455  0.22727273  0.13636364]]
Sites: [ 348.  119.    7.  175.  183.  100.   41.  362.   70.  379.]
t
a
c
g
c
a
took time(seconds):58.5829179287
That took 58.5830340385 sec!
-0.0151412773263
1.4664632636
1.43522760715
1.39610737709
0.69314718056
0.678005903234
0.646770246783
0.615534590332
-0.0151412773263
0.678005903234
0.662864625907
0.625751102808
-0.0151412773263
-0.0412686775393
0.484824418358
0.453588761907
-0.0151412773263
0.242687831976
0.22754655465
0.201419154437
0.526093095897
0.510951818571
0.47971616212
0.453588761907
3.74598974848
Processing folder with 10 iterations
Motif: [[ 0.08333333  0.08333333  0.08333333  0.75      ]
 [ 0.08333333  0.25        0.25        0.41666667]
 [ 0.25        0.08333333  0.41666667  0.25      ]
 [ 0.08333333  0.08333333  0.75        0.08333333]
 [ 0.08333333  0.08333333  0.41666667  0.41666667]
 [ 0.25        0.08333333  0.58333333  0.08333333]
 [ 0.41666667  0.25        0.25        0.08333333]
 [ 0.08333333  0.25        0.58333333  0.08333333]]
Sites: [ 329.  110.  180.   61.  206.]
t
t
g
g
g
g
a
g
took time(seconds):58.4642190933
That took 58.4643380642 sec!
2.48490664979
2.46370401443
2.44250137906
2.39932649793
-0.021202635362
-0.0533913936107
-0.0855801518594
0.789888585494
1.38629436112
1.36509172576
1.32779471127
1.29560595302
-0.021202635362
2.46370401443
2.42052913329
2.39932649793
-0.021202635362
-0.042405270724
-0.0797022852103
0.795766452143
-0.0321887582487
-0.0533913936107
0.485605107123
0.464402471761
-0.0372970144863
-0.069485772735
1.31680858838
1.29560595302
2.48490664979
2.45271789154
2.41205615469
2.39085351933
11.8307759306
Processing folder with 10 iterations
Motif: [[ 0.22727273  0.04545455  0.31818182  0.40909091]
 [ 0.40909091  0.04545455  0.40909091  0.13636364]
 [ 0.04545455  0.22727273  0.13636364  0.59090909]
 [ 0.68181818  0.04545455  0.22727273  0.04545455]
 [ 0.59090909  0.13636364  0.22727273  0.04545455]
 [ 0.5         0.13636364  0.04545455  0.31818182]]
Sites: [ 128.   73.  492.  288.   22.  103.  165.  312.  338.  481.]
t
a
t
a
a
a
took time(seconds):58.3913230896
That took 58.3914420605 sec!
1.48160454092
1.4664632636
1.43186288478
1.39474936168
-0.0371135230997
3.05392893026
3.01681540716
2.99068800695
0.42618702306
0.450014568011
0.601548518903
0.386498202597
-0.0422217793373
-0.0573630566636
1.42424148426
1.40910020693
-0.0407907709009
1.95163939379
1.92040373734
1.90526246001
-0.0391202300543
1.95330993463
1.93816865731
1.90356827849
9.98986651666
Processing folder with 10 iterations
Motif: [[ 0.04545455  0.22727273  0.68181818  0.04545455]
 [ 0.22727273  0.5         0.13636364  0.13636364]
 [ 0.04545455  0.22727273  0.31818182  0.40909091]
 [ 0.40909091  0.40909091  0.13636364  0.04545455]
 [ 0.31818182  0.40909091  0.22727273  0.04545455]
 [ 0.04545455  0.40909091  0.13636364  0.40909091]]
Sites: [ 107.   54.  211.  335.   18.  311.    8.  140.  232.   63.]
g
c
t
a
c
c
took time(seconds):59.0062098503
That took 59.0063230991 sec!
3.09104245336
3.05980679691
3.01758501757
3.00244374025
1.48160454092
1.44248431087
1.41635691066
1.39022951044
0.42618702306
0.450014568011
0.389724053806
0.266604932532
-0.0371135230997
-0.0742270461993
1.91820311849
1.90306184116
-0.0346003788169
-0.0717139019165
-0.102949558367
2.98809289499
-0.0151412773263
-0.0522548004259
-0.078382200639
0.815435675383
10.3658685948
Processing folder with 10 iterations
Motif: [[ 0.13636364  0.22727273  0.13636364  0.5       ]
 [ 0.31818182  0.5         0.13636364  0.04545455]
 [ 0.40909091  0.22727273  0.22727273  0.13636364]
 [ 0.40909091  0.5         0.04545455  0.04545455]
 [ 0.5         0.13636364  0.22727273  0.13636364]
 [ 0.40909091  0.04545455  0.5         0.04545455]
 [ 0.13636364  0.04545455  0.13636364  0.68181818]]
Sites: [ 122.  296.  304.   34.  436.  105.   45.  159.    5.   10.]
t
c
a
c
a
g
t
took time(seconds):58.4369959831
That took 58.4371118546 sec!
1.99243016469
1.96119450824
1.93506710802
1.89594687797
-0.0346003788169
0.658546801743
0.63241940153
0.617278124204
-0.0371135230997
1.44449101782
1.41325536137
1.38712796116
0.893817876022
0.854697645968
0.839556368641
0.824415091315
-0.0391202300543
1.95330993463
1.92207427818
1.89594687797
-0.0371135230997
-0.0522548004259
-0.0913750304802
2.99966742288
0.151533950892
0.577720973952
0.729254924844
0.478429397628
10.0988117531
Processing folder with 10 iterations
Motif: [[ 0.40909091  0.40909091  0.13636364  0.04545455]
 [ 0.5         0.13636364  0.31818182  0.04545455]
 [ 0.5         0.13636364  0.04545455  0.31818182]
 [ 0.31818182  0.22727273  0.13636364  0.31818182]
 [ 0.40909091  0.13636364  0.40909091  0.04545455]
 [ 0.22727273  0.13636364  0.22727273  0.40909091]]
Sites: [ 329.  263.  322.   89.  230.   60.  262.  174.  236.  258.]
a
a
a
a
a
t
took time(seconds):59.0281670094
That took 59.0282921791 sec!
-0.0371135230997
-0.0742270461993
-0.100354446412
2.99068800695
-0.0391202300543
1.95330993463
1.91870955582
1.90356827849
0.69314718056
0.667019780347
0.651878503021
0.617278124204
-0.0346003788169
1.44700416211
1.42087676189
1.38627638308
-0.0371135230997
-0.0632409233127
0.830576952709
0.815435675383
-0.0312356564507
-0.0573630566637
1.42424148426
1.38712796116
9.10037442926
Processing folder with 10 iterations
Motif: [[ 0.40909091  0.04545455  0.40909091  0.13636364]
 [ 0.31818182  0.40909091  0.13636364  0.13636364]
 [ 0.13636364  0.13636364  0.31818182  0.40909091]
 [ 0.04545455  0.40909091  0.22727273  0.31818182]
 [ 0.22727273  0.13636364  0.40909091  0.22727273]
 [ 0.40909091  0.04545455  0.40909091  0.13636364]
 [ 0.68181818  0.04545455  0.13636364  0.13636364]
 [ 0.04545455  0.68181818  0.22727273  0.04545455]]
Sites: [  93.  247.  299.    1.  489.   51.  334.  197.   70.  127.]
a
c
t
c
g
a
a
c
took time(seconds):59.1238489151
That took 59.1239728928 sec!
0.893817876022
0.878676598696
0.841563075596
0.815435675383
-0.0346003788169
0.859217497205
0.833090096992
0.806962696779
-0.026127400213
-0.052254800426
-0.0868551792429
0.806962696779
0.42618702306
0.303067901785
0.326895446736
0.266604932532
-0.0312356564507
-0.0573630566637
-0.0944765797633
1.38712796116
0.893817876022
0.878676598696
0.841563075596
0.815435675383
-0.0422217793373
3.04882067402
3.02269327381
2.9965658736
-0.0151412773263
-0.0573630566636
-0.0885987131143
3.00244374025
10.8975392519
Processing folder with 10 iterations
Motif: [[ 0.13636364  0.5         0.04545455  0.31818182]
 [ 0.22727273  0.31818182  0.22727273  0.22727273]
 [ 0.13636364  0.31818182  0.31818182  0.22727273]
 [ 0.5         0.13636364  0.31818182  0.04545455]
 [ 0.22727273  0.31818182  0.40909091  0.04545455]
 [ 0.59090909  0.22727273  0.04545455  0.13636364]]
Sites: [ 341.  381.  281.  382.  392.   22.  126.  204.  377.  445.]
c
c
c
a
g
a
took time(seconds):58.5821108818
That took 58.582242012 sec!
-0.026127400213
-0.0652476302673
3.02579482309
2.99119444428
1.48160454092
1.44700416211
1.41576850566
1.3845328492
1.99243016469
1.95782978587
1.92322940705
1.8919937506
-0.0391202300543
-0.0652476302673
1.07988467404
1.06474339671
-0.0312356564507
-0.0658360352675
0.827981840754
0.812840563428
0.526093095897
0.494857439446
0.47971616212
0.453588761907
8.59889376613
Processing folder with 10 iterations
Motif: [[ 0.04545455  0.22727273  0.13636364  0.59090909]
 [ 0.04545455  0.59090909  0.04545455  0.31818182]
 [ 0.13636364  0.04545455  0.31818182  0.5       ]
 [ 0.04545455  0.40909091  0.5         0.04545455]
 [ 0.13636364  0.31818182  0.31818182  0.22727273]
 [ 0.31818182  0.22727273  0.31818182  0.13636364]
 [ 0.5         0.13636364  0.04545455  0.31818182]
 [ 0.22727273  0.59090909  0.13636364  0.04545455]]
Sites: [  17.  380.  477.  192.  349.  130.  317.  354.  181.  120.]
t
c
t
g
c
a
a
c
took time(seconds):58.9254198074
That took 58.9255731106 sec!
-0.0151412773263
-0.0463769337769
-0.0725043339899
0.453588761907
-0.0151412773263
0.510951818571
0.495810541244
0.461210162428
-0.026127400213
3.06491505315
3.03031467433
2.99119444428
-0.0151412773263
0.878676598696
0.839556368641
0.824415091315
-0.026127400213
-0.0607277790299
1.08440452527
1.05316886882
-0.0602905142044
-0.0364629692536
-0.0967534834579
0.054780467434
0.69314718056
0.667019780347
0.651878503021
0.617278124204
0.0238275449508
-0.191222771355
-0.039688820463
0.386498202597
6.84213412298
Processing folder with 10 iterations
Motif: [[ 0.13636364  0.22727273  0.59090909  0.04545455]
 [ 0.31818182  0.31818182  0.13636364  0.22727273]
 [ 0.13636364  0.40909091  0.04545455  0.40909091]
 [ 0.13636364  0.5         0.31818182  0.04545455]
 [ 0.22727273  0.31818182  0.22727273  0.22727273]
 [ 0.40909091  0.13636364  0.13636364  0.31818182]
 [ 0.40909091  0.31818182  0.22727273  0.04545455]
 [ 0.31818182  0.31818182  0.31818182  0.04545455]]
Sites: [  59.  145.   57.  101.   36.  449.  236.  455.  133.  144.]
g
a
c
c
c
a
a
a
took time(seconds):59.3785641193
That took 59.3786828518 sec!
1.99243016469
1.96119450824
1.92040373734
1.90526246001
-0.0346003788169
-0.0692007576337
1.92322940705
1.8919937506
-0.026127400213
0.867690475809
0.852549198483
0.815435675383
1.99243016469
1.95330993463
1.91870955582
1.90356827849
1.48160454092
1.44700416211
1.41576850566
1.3845328492
-0.0371135230997
-0.0632409233127
-0.0893683235257
1.05576398078
-0.0371135230997
-0.0717139019165
1.40989063901
1.39474936168
1.1451323043
1.11053192549
1.07593154667
1.06079026934
11.4120966255
Processing folder with 10 iterations
Motif: [[ 0.13636364  0.31818182  0.31818182  0.22727273]
 [ 0.59090909  0.22727273  0.04545455  0.13636364]
 [ 0.22727273  0.13636364  0.13636364  0.5       ]
 [ 0.22727273  0.22727273  0.13636364  0.40909091]
 [ 0.22727273  0.22727273  0.13636364  0.40909091]
 [ 0.68181818  0.04545455  0.22727273  0.04545455]
 [ 0.04545455  0.13636364  0.22727273  0.59090909]]
Sites: [ 482.  134.  111.  169.  227.   56.  295.   67.  292.  121.]
c
a
t
t
t
a
t
took time(seconds):59.2493131161
That took 59.2494399548 sec!
1.99243016469
1.95782978587
1.92322940705
1.8919937506
-0.0407907709009
-0.0720264273516
-0.0871677046779
1.90526246001
1.48160454092
1.45547714071
1.4293497405
1.39022951044
0.0238275449508
0.0476550899016
0.199189040793
0.076069919519
-0.0312356564507
-0.0624713129013
-0.0885987131143
0.805219162908
-0.0422217793373
-0.0573630566636
1.42424148426
1.40910020693
-0.0151412773263
-0.0412686775393
-0.0725043339899
0.453588761907
7.93146377232
Processing folder with 10 iterations
Motif: [[ 0.40909091  0.31818182  0.13636364  0.13636364]
 [ 0.31818182  0.22727273  0.31818182  0.13636364]
 [ 0.22727273  0.04545455  0.22727273  0.5       ]
 [ 0.22727273  0.22727273  0.13636364  0.40909091]
 [ 0.13636364  0.13636364  0.22727273  0.5       ]
 [ 0.31818182  0.22727273  0.40909091  0.04545455]
 [ 0.22727273  0.40909091  0.04545455  0.31818182]]
Sites: [ 318.  452.  372.   32.  182.  447.  428.  168.   47.  117.]
a
a
t
t
t
g
c
took time(seconds):58.6077132225
That took 58.6078369617 sec!
-0.0371135230997
-0.0717139019165
1.92071626277
1.89458886256
-0.0346003788169
1.44700416211
1.41240378329
1.38627638308
-0.0312356564507
-0.0463769337769
1.43522760715
1.39610737709
0.0238275449508
0.0476550899016
0.199189040793
0.076069919519
1.99243016469
1.96630276447
1.93506710802
1.89594687797
-0.0346003788169
-0.0658360352675
-0.102949558367
2.98809289499
-0.0312356564507
-0.0683491795503
-0.0834904568766
1.06164184743
10.6987241626
Processing folder with 10 iterations
Motif: [[ 0.31818182  0.13636364  0.40909091  0.13636364]
 [ 0.22727273  0.04545455  0.13636364  0.59090909]
 [ 0.68181818  0.13636364  0.04545455  0.13636364]
 [ 0.31818182  0.22727273  0.31818182  0.13636364]
 [ 0.77272727  0.13636364  0.04545455  0.04545455]
 [ 0.31818182  0.40909091  0.22727273  0.04545455]
 [ 0.22727273  0.04545455  0.40909091  0.31818182]
 [ 0.22727273  0.31818182  0.40909091  0.04545455]]
Sites: [ 242.   29.  264.  107.  254.  419.  392.  178.  481.   57.]
g
t
a
a
a
c
g
g
took time(seconds):58.7603590488
That took 58.760477066 sec!
-0.0602905142044
0.0912434366875
-0.031875684587
0.119658266305
-0.0312356564507
3.05980679691
3.0336793967
2.99288862579
0.382992252256
0.356864852043
0.341723574717
0.315596174504
-0.0346003788169
-0.0658360352675
-0.100436414084
1.8919937506
-0.0434734107669
-0.0696008109799
3.02144164238
3.00630036505
-0.0346003788169
-0.0717139019165
-0.102949558367
2.98809289499
-0.0312356564507
3.05980679691
3.02269327381
2.98809289499
-0.0312356564507
-0.0658360352675
0.827981840754
0.812840563428
15.1154635357
Processing folder with 10 iterations
Motif: [[ 0.13636364  0.31818182  0.22727273  0.31818182]
 [ 0.13636364  0.31818182  0.40909091  0.13636364]
 [ 0.13636364  0.13636364  0.59090909  0.13636364]
 [ 0.22727273  0.5         0.13636364  0.13636364]
 [ 0.04545455  0.13636364  0.5         0.31818182]
 [ 0.13636364  0.40909091  0.22727273  0.22727273]
 [ 0.22727273  0.13636364  0.13636364  0.5       ]
 [ 0.22727273  0.13636364  0.40909091  0.22727273]]
Sites: [ 141.  253.  347.  426.   86.  287.  264.  431.  256.  408.]
c
g
g
c
g
c
t
g
took time(seconds):59.139991045
That took 59.1401159763 sec!
1.99243016469
1.95782978587
1.92659412942
1.8919937506
-0.026127400213
-0.0607277790299
0.833090096992
0.806962696779
-0.026127400213
1.96630276447
1.92551199357
1.89938459336
-0.0312356564507
-0.0703558865049
-0.0964832867179
1.89594687797
-0.0151412773263
-0.0412686775393
0.651878503021
0.617278124204
-0.026127400213
-0.0632409233127
-0.0944765797633
1.38712796116
-0.0312356564507
1.96119450824
1.93506710802
1.89594687797
-0.0312356564507
-0.0573630566637
-0.0944765797633
1.38712796116
11.7817688432
Processing folder with 10 iterations
Motif: [[ 0.13636364  0.22727273  0.04545455  0.59090909]
 [ 0.31818182  0.13636364  0.5         0.04545455]
 [ 0.22727273  0.04545455  0.31818182  0.40909091]
 [ 0.04545455  0.04545455  0.31818182  0.59090909]
 [ 0.22727273  0.04545455  0.40909091  0.31818182]
 [ 0.22727273  0.04545455  0.22727273  0.5       ]]
Sites: [ 238.  152.  321.  434.  230.  433.  307.  490.  385.  357.]
t
g
t
t
g
t
took time(seconds):58.5184979439
That took 58.5186200142 sec!
-0.026127400213
-0.0573630566637
3.0336793967
2.99288862579
-0.0346003788169
1.95782978587
1.91870955582
1.90356827849
-0.0312356564507
3.05980679691
3.02520641809
2.98809289499
-0.0151412773263
-0.0302825546526
-0.0648829334694
0.461210162428
-0.0312356564507
3.05980679691
3.02269327381
2.98809289499
-0.0312356564507
-0.0463769337769
1.43522760715
1.39610737709
12.7299602338
Processing folder with 10 iterations
Motif: [[ 0.04545455  0.22727273  0.5         0.22727273]
 [ 0.31818182  0.13636364  0.40909091  0.13636364]
 [ 0.40909091  0.13636364  0.40909091  0.04545455]
 [ 0.31818182  0.13636364  0.40909091  0.13636364]
 [ 0.13636364  0.22727273  0.31818182  0.31818182]
 [ 0.31818182  0.31818182  0.22727273  0.13636364]
 [ 0.40909091  0.22727273  0.13636364  0.22727273]
 [ 0.31818182  0.22727273  0.13636364  0.31818182]]
Sites: [ 245.  457.    9.   23.  416.   66.   19.  426.  378.   52.]
g
g
a
g
g
a
a
a
took time(seconds):59.1838450432
That took 59.1839709282 sec!
-0.0151412773263
-0.0463769337769
0.646770246783
0.615534590332
-0.0346003788169
1.95782978587
1.92071626277
1.89458886256
-0.0371135230997
-0.0632409233127
0.830576952709
0.815435675383
-0.0346003788169
-0.0607277790299
0.833090096992
0.806962696779
-0.026127400213
-0.0573630566637
-0.0919634354805
1.05316886882
-0.0346003788169
-0.0692007576337
-0.100436414084
1.8919937506
-0.0371135230997
-0.0683491795503
-0.0944765797633
1.38712796116
-0.0346003788169
1.44700416211
1.42087676189
1.38627638308
9.85108878871
Processing folder with 10 iterations
Motif: [[ 0.13636364  0.31818182  0.40909091  0.13636364]
 [ 0.04545455  0.04545455  0.31818182  0.59090909]
 [ 0.31818182  0.31818182  0.04545455  0.31818182]
 [ 0.40909091  0.04545455  0.13636364  0.40909091]
 [ 0.31818182  0.04545455  0.59090909  0.04545455]
 [ 0.13636364  0.04545455  0.40909091  0.40909091]
 [ 0.59090909  0.04545455  0.04545455  0.31818182]
 [ 0.13636364  0.31818182  0.31818182  0.22727273]]
Sites: [ 145.   85.  433.   72.  236.  410.    0.  344.   27.  179.]
g
t
a
a
g
g
a
c
Traceback (most recent call last):
  File "./evaluate.py", line 150, in <module>
    main()
  File "./evaluate.py", line 12, in main
    evaluate_dir(directory)
  File "./evaluate.py", line 31, in evaluate_dir
    gibbs(path, iterations)
  File "/Users/brett/school/cs/466/466-project/findMotif.py", line 216, in gibbs
    f = open(f,'w')
IOError: [Errno 2] No such file or directory: 'data/2014-05-07-202151_ds0/predictedsites.txt'
Processing folder with 10 iterations
Motif: [[ 0.04545455  0.5         0.22727273  0.22727273]
 [ 0.31818182  0.22727273  0.40909091  0.04545455]
 [ 0.13636364  0.13636364  0.59090909  0.13636364]
 [ 0.13636364  0.22727273  0.59090909  0.04545455]
 [ 0.40909091  0.5         0.04545455  0.04545455]
 [ 0.40909091  0.13636364  0.22727273  0.22727273]
 [ 0.68181818  0.22727273  0.04545455  0.04545455]]
Sites: [ 294.  466.  422.    6.  252.  423.  105.  234.  322.   60.]
c
g
g
g
c
a
a
took time(seconds):59.1302437782
That took 59.1304061413 sec!
3.09104245336
3.05192222331
3.02068656685
2.9894509104
-0.0602905142044
-0.0364629692536
-0.159582090528
0.266604932532
-0.026127400213
-0.052254800426
-0.0930455713269
1.89938459336
-0.026127400213
-0.0573630566637
0.468730039233
0.453588761907
0.893817876022
0.854697645968
0.839556368641
0.824415091315
-0.0371135230997
1.95531664159
1.92408098514
1.89284532869
-0.0422217793373
-0.073457435788
-0.0885987131143
3.00244374025
11.3287333584
Processing folder with 10 iterations
Motif: [[ 0.40909091  0.13636364  0.31818182  0.13636364]
 [ 0.40909091  0.13636364  0.04545455  0.40909091]
 [ 0.31818182  0.13636364  0.13636364  0.40909091]
 [ 0.22727273  0.5         0.13636364  0.13636364]
 [ 0.13636364  0.04545455  0.59090909  0.22727273]
 [ 0.31818182  0.40909091  0.22727273  0.04545455]
 [ 0.04545455  0.22727273  0.68181818  0.04545455]]
Sites: [  21.  399.  415.   51.  410.  480.  281.  403.  480.  172.]
a
a
t
c
g
c
g
took time(seconds):59.7496402264
That took 59.7499990463 sec!
-0.0371135230997
1.95531664159
1.92071626277
1.89458886256
-0.123119121275
0.0284148296174
0.454601852677
0.331482731403
-0.0346003788169
-0.0607277790299
1.93170238566
1.89458886256
-0.0312356564507
-0.0703558865049
-0.0964832867179
1.89594687797
1.99243016469
1.97728888736
1.93649811646
1.90526246001
-0.0346003788169
0.859217497205
0.827981840754
0.812840563428
-0.0151412773263
-0.0463769337769
-0.0885987131143
3.00244374025
11.7371540982
Processing folder with 10 iterations
Motif: [[ 0.31818182  0.04545455  0.40909091  0.22727273]
 [ 0.5         0.13636364  0.04545455  0.31818182]
 [ 0.59090909  0.13636364  0.04545455  0.22727273]
 [ 0.04545455  0.40909091  0.5         0.04545455]
 [ 0.13636364  0.22727273  0.5         0.13636364]
 [ 0.04545455  0.13636364  0.68181818  0.13636364]
 [ 0.04545455  0.13636364  0.68181818  0.13636364]
 [ 0.13636364  0.13636364  0.40909091  0.31818182]]
Sites: [ 388.  491.  150.  399.   72.  482.    1.  366.  223.  256.]
g
a
a
g
g
g
g
g
took time(seconds):59.1249549389
That took 59.1250698566 sec!
-0.0346003788169
-0.0497416561431
-0.0868551792428
1.39474936168
-0.17328679514
-0.0217528442481
0.404434178812
0.344143664607
-0.0407907709009
1.95163939379
1.93649811646
1.90526246001
-0.0151412773263
-0.0522548004259
-0.0913750304802
2.99966742288
1.99243016469
1.96119450824
1.92207427818
1.89594687797
-0.0151412773263
-0.0412686775393
-0.0834904568766
1.90893970781
-0.0151412773263
1.97728888736
1.93506710802
1.90893970781
-0.026127400213
1.96630276447
1.92918924137
1.89458886256
14.2522380653
Processing folder with 10 iterations
Motif: [[ 0.5         0.13636364  0.04545455  0.31818182]
 [ 0.40909091  0.31818182  0.13636364  0.13636364]
 [ 0.22727273  0.5         0.22727273  0.04545455]
 [ 0.04545455  0.04545455  0.68181818  0.22727273]
 [ 0.5         0.04545455  0.04545455  0.40909091]
 [ 0.22727273  0.13636364  0.13636364  0.5       ]
 [ 0.31818182  0.22727273  0.22727273  0.22727273]]
Sites: [  15.  259.  346.  398.  147.   47.  351.   92.   91.  356.]
a
a
c
g
a
t
a
took time(seconds):59.1204149723
That took 59.1205289364 sec!
-0.0391202300543
-0.0652476302673
3.02579482309
2.99119444428
-0.0371135230997
-0.0717139019165
-0.0978413021295
1.89458886256
-0.0312356564507
-0.0703558865049
-0.101591542956
2.9894509104
-0.0151412773263
-0.0302825546526
-0.0725043339899
1.40910020693
0.69314718056
0.678005903234
0.662864625907
0.625751102808
1.48160454092
1.45547714071
1.4293497405
1.39022951044
-0.0346003788169
-0.0658360352675
-0.0970716917182
1.3845328492
12.6848478866
Processing folder with 10 iterations
Motif: [[ 0.40909091  0.40909091  0.13636364  0.04545455]
 [ 0.13636364  0.5         0.31818182  0.04545455]
 [ 0.40909091  0.04545455  0.31818182  0.22727273]
 [ 0.40909091  0.22727273  0.13636364  0.22727273]
 [ 0.31818182  0.04545455  0.22727273  0.40909091]
 [ 0.31818182  0.22727273  0.40909091  0.04545455]
 [ 0.31818182  0.40909091  0.22727273  0.04545455]
 [ 0.04545455  0.22727273  0.5         0.22727273]]
Sites: [ 461.   65.  135.  148.  434.  386.  481.  384.  198.  132.]
a
c
a
a
t
g
c
g
took time(seconds):59.6312639713
That took 59.631401062 sec!
0.893817876022
0.856704352922
0.830576952709
0.815435675383
1.99243016469
1.95330993463
1.91870955582
1.90356827849
-0.123119121275
0.303067901785
0.242777387581
0.266604932532
-0.0371135230997
1.44449101782
1.41836361761
1.38712796116
-0.0346003788169
-0.0497416561431
-0.0809773125938
0.812840563428
1.1451323043
1.11389664785
1.07678312475
1.06164184743
-0.0346003788169
-0.0717139019165
1.40989063901
1.39474936168
-0.0151412773263
-0.0463769337769
0.646770246783
0.615534590332
8.25750321043
Processing folder with 10 iterations
Motif: [[ 0.31818182  0.22727273  0.13636364  0.31818182]
 [ 0.31818182  0.13636364  0.04545455  0.5       ]
 [ 0.04545455  0.13636364  0.5         0.31818182]
 [ 0.31818182  0.31818182  0.13636364  0.22727273]
 [ 0.13636364  0.22727273  0.40909091  0.22727273]
 [ 0.22727273  0.04545455  0.22727273  0.5       ]
 [ 0.04545455  0.22727273  0.68181818  0.04545455]
 [ 0.13636364  0.5         0.13636364  0.22727273]]
Sites: [ 197.  485.  373.   95.  341.  450.  484.  282.   63.  204.]
a
t
g
a
g
t
g
c
took time(seconds):59.481374979
That took 59.4814920425 sec!
-0.0346003788169
-0.0658360352675
1.92659412942
1.8919937506
-0.0346003788169
-0.0607277790299
3.03031467433
2.99119444428
-0.0151412773263
-0.0412686775393
-0.0803889075936
1.06474339671
-0.0346003788169
-0.0692007576337
1.92322940705
1.8919937506
-0.026127400213
-0.0573630566637
-0.0944765797633
1.38712796116
1.48160454092
1.4664632636
1.43522760715
1.39610737709
3.09104245336
3.05980679691
3.01758501757
3.00244374025
1.99243016469
1.95330993463
1.92718253442
1.89594687797
15.5215512987
Processing folder with 10 iterations
Motif: [[ 0.40909091  0.04545455  0.04545455  0.5       ]
 [ 0.22727273  0.04545455  0.40909091  0.31818182]
 [ 0.22727273  0.22727273  0.31818182  0.22727273]
 [ 0.22727273  0.04545455  0.59090909  0.13636364]
 [ 0.13636364  0.31818182  0.22727273  0.31818182]
 [ 0.22727273  0.31818182  0.40909091  0.04545455]
 [ 0.5         0.13636364  0.04545455  0.31818182]
 [ 0.22727273  0.13636364  0.40909091  0.22727273]]
Sites: [  41.  267.  411.  329.  313.  278.  133.  480.  268.  401.]
t
g
g
g
c
g
a
g
took time(seconds):59.1956341267
That took 59.1957609653 sec!
-0.0371135230997
-0.0522548004259
-0.0673960777522
0.625751102808
-0.0312356564507
-0.0463769337769
-0.0834904568766
1.06164184743
-0.0312356564507
-0.0624713129013
-0.0970716917182
1.3845328492
1.48160454092
1.4664632636
1.4256724927
1.39954509248
-0.026127400213
1.11900490409
1.08776924764
1.05316886882
-0.0312356564507
-0.0658360352675
-0.102949558367
2.98809289499
-0.0391202300543
1.95330993463
1.93816865731
1.90356827849
-0.0312356564507
1.96119450824
1.92408098514
1.89284532869
12.3091462629
Processing folder with 10 iterations
Motif: [[ 0.40909091  0.04545455  0.22727273  0.31818182]
 [ 0.59090909  0.04545455  0.13636364  0.22727273]
 [ 0.5         0.13636364  0.13636364  0.22727273]
 [ 0.04545455  0.31818182  0.5         0.13636364]
 [ 0.5         0.22727273  0.13636364  0.13636364]
 [ 0.13636364  0.22727273  0.04545455  0.59090909]]
Sites: [  52.  396.  188.  218.  482.  294.   85.  403.  123.  421.]
a
a
a
g
a
t
took time(seconds):58.925344944
That took 58.9254620075 sec!
-0.0371135230997
-0.0522548004259
-0.0834904568766
1.06164184743
-0.0407907709009
-0.0559320482272
-0.0820594484402
1.39954509248
-0.0391202300543
1.95330993463
1.92718253442
1.89594687797
-0.0151412773263
-0.0497416561431
-0.0888618861974
1.90356827849
0.69314718056
0.661911524109
0.635784123896
0.609656723683
-0.026127400213
-0.0573630566637
3.0336793967
2.99288862579
9.86324744585
Processing folder with 10 iterations
Motif: [[ 0.13636364  0.40909091  0.31818182  0.13636364]
 [ 0.40909091  0.04545455  0.31818182  0.22727273]
 [ 0.22727273  0.40909091  0.22727273  0.13636364]
 [ 0.04545455  0.31818182  0.13636364  0.5       ]
 [ 0.13636364  0.31818182  0.04545455  0.5       ]
 [ 0.04545455  0.31818182  0.59090909  0.04545455]
 [ 0.5         0.22727273  0.13636364  0.13636364]]
Sites: [ 367.  298.  102.  209.  246.  128.  164.  113.  303.  352.]
c
a
c
t
t
g
a
took time(seconds):59.4629080296
That took 59.4630308151 sec!
-0.026127400213
0.867690475809
0.833090096992
0.806962696779
-0.0371135230997
3.05392893026
3.01932855144
2.98809289499
-0.0312356564507
-0.0683491795503
-0.099584836001
1.89284532869
3.09104245336
3.05644207454
3.03031467433
2.99119444428
-0.026127400213
-0.0607277790299
3.03031467433
2.99119444428
-0.0151412773263
1.12999102698
1.08920025608
1.07405897875
-0.0391202300543
-0.0703558865049
1.92207427818
1.89594687797
14.6402956657
Processing folder with 10 iterations
Motif: [[ 0.22727273  0.13636364  0.59090909  0.04545455]
 [ 0.40909091  0.13636364  0.22727273  0.22727273]
 [ 0.5         0.13636364  0.04545455  0.31818182]
 [ 0.04545455  0.13636364  0.59090909  0.22727273]
 [ 0.13636364  0.13636364  0.59090909  0.13636364]
 [ 0.59090909  0.04545455  0.31818182  0.04545455]
 [ 0.22727273  0.13636364  0.40909091  0.22727273]
 [ 0.04545455  0.5         0.31818182  0.13636364]]
Sites: [  49.  336.   63.  244.  393.  397.  337.  327.  171.  398.]
g
a
a
g
g
a
g
c
took time(seconds):59.3275911808
That took 59.3277509212 sec!
1.48160454092
1.45547714071
1.41468636981
1.39954509248
-0.0371135230997
-0.0632409233127
1.41836361761
1.38712796116
-0.0391202300543
-0.0652476302673
-0.0803889075936
1.06474339671
-0.0151412773263
-0.0412686775393
-0.0820594484402
1.39954509248
-0.026127400213
-0.052254800426
0.473838295471
0.447710895258
0.526093095897
0.510951818571
0.476351439754
0.461210162428
-0.0312356564507
-0.0573630566637
0.836454819358
0.805219162908
3.09104245336
3.05192222331
3.01732184449
2.99119444428
9.9562962077
Processing folder with 10 iterations
Motif: [[ 0.31818182  0.40909091  0.04545455  0.22727273]
 [ 0.5         0.22727273  0.04545455  0.22727273]
 [ 0.40909091  0.22727273  0.04545455  0.31818182]
 [ 0.59090909  0.13636364  0.22727273  0.04545455]
 [ 0.04545455  0.31818182  0.40909091  0.22727273]
 [ 0.31818182  0.04545455  0.5         0.13636364]]
Sites: [  92.  415.  377.   28.   94.  392.  244.  189.  291.  193.]
c
a
a
a
g
g
took time(seconds):59.2764649391
That took 59.2766067982 sec!
-0.0602905142044
-0.183409635479
0.242777387581
0.266604932532
-0.0391202300543
1.44248431087
1.42734303354
1.39610737709
-0.0371135230997
-0.0683491795503
-0.0834904568766
1.06164184743
-0.0407907709009
1.95163939379
1.92040373734
1.90526246001
-0.0151412773263
-0.0497416561431
-0.0868551792428
1.39474936168
-0.0346003788169
3.05644207454
3.01732184449
2.99119444428
9.01556042301
Processing folder with 10 iterations
Motif: [[ 0.13636364  0.13636364  0.31818182  0.40909091]
 [ 0.04545455  0.22727273  0.13636364  0.59090909]
 [ 0.22727273  0.13636364  0.22727273  0.40909091]
 [ 0.40909091  0.22727273  0.22727273  0.13636364]
 [ 0.04545455  0.13636364  0.13636364  0.68181818]
 [ 0.04545455  0.31818182  0.22727273  0.40909091]]
Sites: [ 250.  102.   29.  262.  233.  338.  148.   35.  319.  306.]
t
t
t
a
t
t
took time(seconds):58.9516148567
That took 58.9517450333 sec!
0.151533950892
0.303067901784
0.242777387579
0.119658266305
-0.0151412773263
-0.0463769337769
-0.0725043339899
0.453588761907
-0.0312356564507
1.96119450824
1.92995885179
1.89284532869
-0.0371135230997
-0.0683491795503
-0.099584836001
1.89284532869
3.09104245336
3.06491505315
3.03878765293
2.9965658736
-0.0151412773263
-0.0497416561431
-0.0809773125938
0.812840563428
8.16834412261
Processing folder with 10 iterations
Motif: [[ 0.04545455  0.04545455  0.31818182  0.59090909]
 [ 0.13636364  0.31818182  0.5         0.04545455]
 [ 0.04545455  0.13636364  0.40909091  0.40909091]
 [ 0.31818182  0.22727273  0.40909091  0.04545455]
 [ 0.04545455  0.13636364  0.68181818  0.13636364]
 [ 0.31818182  0.13636364  0.5         0.04545455]
 [ 0.40909091  0.22727273  0.04545455  0.31818182]
 [ 0.31818182  0.13636364  0.40909091  0.13636364]]
Sites: [ 116.  229.  311.  290.  431.  354.  389.  306.  402.  458.]
t
g
g
g
g
g
a
g
took time(seconds):59.6515548229
That took 59.6516909599 sec!
-0.0151412773263
-0.0302825546526
-0.0648829334694
0.461210162428
-0.026127400213
-0.0607277790299
0.63241940153
0.617278124204
-0.0151412773263
-0.0412686775393
0.852549198483
0.815435675383
-0.0346003788169
1.44700416211
1.40989063901
1.39474936168
-0.0151412773263
-0.0412686775393
-0.0834904568766
1.90893970781
-0.0346003788169
-0.0607277790299
-0.0998480090841
2.99119444428
-0.0371135230997
-0.0683491795503
3.02269327381
2.98809289499
-0.0346003788169
1.95782978587
1.92071626277
1.89458886256
13.0714892333
Processing folder with 10 iterations
Motif: [[ 0.22727273  0.31818182  0.04545455  0.40909091]
 [ 0.04545455  0.13636364  0.22727273  0.59090909]
 [ 0.04545455  0.31818182  0.5         0.13636364]
 [ 0.13636364  0.22727273  0.13636364  0.5       ]
 [ 0.22727273  0.31818182  0.31818182  0.13636364]
 [ 0.68181818  0.13636364  0.04545455  0.13636364]
 [ 0.22727273  0.40909091  0.22727273  0.13636364]
 [ 0.22727273  0.04545455  0.04545455  0.68181818]]
Sites: [ 342.   71.  234.  473.  425.  384.  361.  405.  442.  383.]
t
t
g
t
c
a
c
t
took time(seconds):59.7113411427
That took 59.7114610672 sec!
0.0238275449508
-0.0364629692536
0.389724053806
0.266604932532
3.09104245336
3.06491505315
3.0336793967
2.99288862579
-0.0151412773263
1.12999102698
1.09087079692
1.06474339671
1.99243016469
1.96119450824
1.93506710802
1.89594687797
1.48160454092
1.44700416211
1.41240378329
1.38627638308
-0.0422217793373
1.95020838535
1.93506710802
1.90893970781
1.48160454092
1.44449101782
1.41325536137
1.38712796116
-0.0312356564507
3.05980679691
3.04466551958
3.00244374025
13.9049716253
Processing folder with 10 iterations
Motif: [[ 0.40909091  0.13636364  0.40909091  0.04545455]
 [ 0.13636364  0.13636364  0.22727273  0.5       ]
 [ 0.31818182  0.40909091  0.13636364  0.13636364]
 [ 0.04545455  0.5         0.31818182  0.13636364]
 [ 0.59090909  0.04545455  0.31818182  0.04545455]
 [ 0.40909091  0.04545455  0.13636364  0.40909091]
 [ 0.13636364  0.04545455  0.22727273  0.59090909]]
Sites: [ 465.    4.  368.  389.  478.  301.   87.  195.  300.  228.]
a
t
c
c
a
a
t
took time(seconds):59.1133041382
That took 59.1134848595 sec!
-0.0371135230997
-0.0632409233127
0.830576952709
0.815435675383
-0.026127400213
1.96630276447
1.93506710802
1.89594687797
-0.0346003788169
-0.0717139019165
1.92071626277
1.89458886256
0.42618702306
0.25290022792
0.192609713716
0.344143664607
-0.0407907709009
-0.0559320482272
-0.0905324270441
3.00051002632
-0.0371135230997
3.05392893026
3.02780153005
2.99068800695
-0.026127400213
3.06491505315
3.0336793967
2.99288862579
13.9342017396
Processing folder with 10 iterations
Motif: [[ 0.04545455  0.22727273  0.22727273  0.5       ]
 [ 0.22727273  0.40909091  0.04545455  0.31818182]
 [ 0.13636364  0.22727273  0.22727273  0.40909091]
 [ 0.31818182  0.59090909  0.04545455  0.04545455]
 [ 0.31818182  0.04545455  0.13636364  0.5       ]
 [ 0.22727273  0.40909091  0.13636364  0.22727273]
 [ 0.04545455  0.31818182  0.13636364  0.5       ]
 [ 0.13636364  0.31818182  0.40909091  0.13636364]]
Sites: [ 177.  221.  411.  371.  444.  477.  383.  193.  103.  432.]
t
c
t
c
t
c
t
g
took time(seconds):59.5535459518
That took 59.5536761284 sec!
-0.0151412773263
1.4664632636
1.43522760715
1.39610737709
-0.0312356564507
-0.0683491795503
3.02269327381
2.98809289499
-0.026127400213
1.45547714071
1.42424148426
1.38712796116
-0.0346003788169
-0.0753911497178
-0.0905324270441
3.00051002632
1.1451323043
1.12999102698
1.10386362676
1.06474339671
-0.0312356564507
-0.0683491795503
1.92408098514
1.89284532869
3.09104245336
3.05644207454
3.03031467433
2.99119444428
-0.026127400213
-0.0607277790299
0.833090096992
0.806962696779
15.527584126
Processing folder with 10 iterations
Motif: [[ 0.5         0.13636364  0.22727273  0.13636364]
 [ 0.40909091  0.22727273  0.22727273  0.13636364]
 [ 0.04545455  0.31818182  0.13636364  0.5       ]
 [ 0.22727273  0.04545455  0.13636364  0.59090909]
 [ 0.04545455  0.40909091  0.13636364  0.40909091]
 [ 0.04545455  0.59090909  0.13636364  0.22727273]
 [ 0.31818182  0.31818182  0.22727273  0.13636364]
 [ 0.22727273  0.22727273  0.31818182  0.22727273]]
Sites: [  88.  300.  309.  245.  196.  109.  146.  405.  173.  220.]
a
a
t
t
c
c
a
g
took time(seconds):59.4513719082
That took 59.4514820576 sec!
-0.0391202300543
-0.0652476302673
-0.0964832867179
1.89594687797
0.893817876022
0.862582219571
0.831346563121
0.805219162908
-0.0151412773263
-0.0497416561431
-0.0758690563561
0.617278124204
-0.0312356564507
-0.0463769337769
1.94605323091
1.90526246001
3.09104245336
3.05392893026
3.02780153005
2.99068800695
-0.0151412773263
-0.0559320482272
-0.0820594484402
1.39954509248
-0.0346003788169
-0.0692007576337
1.41240378329
1.38627638308
-0.0312356564507
-0.0624713129013
-0.0970716917182
1.3845328492
12.3847489568
Processing folder with 10 iterations
Motif: [[ 0.04545455  0.59090909  0.31818182  0.04545455]
 [ 0.22727273  0.04545455  0.04545455  0.68181818]
 [ 0.04545455  0.13636364  0.59090909  0.22727273]
 [ 0.40909091  0.31818182  0.04545455  0.22727273]
 [ 0.40909091  0.04545455  0.22727273  0.31818182]
 [ 0.31818182  0.22727273  0.04545455  0.40909091]
 [ 0.40909091  0.13636364  0.31818182  0.13636364]
 [ 0.13636364  0.13636364  0.04545455  0.68181818]]
Sites: [ 333.  216.   94.   88.  434.  491.  477.  166.  418.   80.]
c
t
g
a
a
t
a
t
took time(seconds):59.2678728104
That took 59.2679929733 sec!
-0.0151412773263
-0.0559320482272
-0.0905324270441
3.00051002632
-0.0312356564507
-0.0463769337769
-0.0615182111032
0.321474041153
-0.0151412773263
-0.0412686775393
0.484824418358
0.453588761907
-0.0371135230997
1.1080187812
1.09287750388
1.06164184743
-0.0371135230997
-0.0522548004259
-0.0834904568766
1.06164184743
-0.0346003788169
1.44700416211
1.43186288478
1.39474936168
-0.0371135230997
-0.0632409233127
-0.0978413021295
1.89458886256
-0.026127400213
-0.052254800426
3.03878765293
2.9965658736
12.1847606221
Processing folder with 10 iterations
Motif: [[ 0.31818182  0.22727273  0.31818182  0.13636364]
 [ 0.13636364  0.04545455  0.40909091  0.40909091]
 [ 0.31818182  0.40909091  0.04545455  0.22727273]
 [ 0.13636364  0.22727273  0.5         0.13636364]
 [ 0.22727273  0.04545455  0.5         0.22727273]
 [ 0.40909091  0.31818182  0.22727273  0.04545455]
 [ 0.13636364  0.5         0.04545455  0.31818182]
 [ 0.22727273  0.40909091  0.22727273  0.13636364]]
Sites: [ 337.   71.  167.  428.  274.  406.   41.  370.   39.  289.]
a
g
c
g
g
a
c
c
took time(seconds):59.9614360332
That took 59.9615600109 sec!
-0.0346003788169
1.44700416211
1.41240378329
1.38627638308
-0.026127400213
3.06491505315
3.02780153005
2.99068800695
-0.0346003788169
0.859217497205
0.844076219879
0.812840563428
-0.026127400213
-0.0573630566637
0.635784123896
0.609656723683
-0.0312356564507
-0.0463769337769
0.646770246783
0.615534590332
-0.0371135230997
1.1080187812
1.07678312475
1.06164184743
1.99243016469
1.95330993463
1.93816865731
1.90356827849
0.0238275449508
-0.0992915763237
-0.0754640313729
0.076069919519
9.4562763129
Processing folder with 10 iterations
Motif: [[ 0.22727273  0.31818182  0.04545455  0.40909091]
 [ 0.04545455  0.04545455  0.68181818  0.22727273]
 [ 0.31818182  0.13636364  0.40909091  0.13636364]
 [ 0.31818182  0.31818182  0.22727273  0.13636364]
 [ 0.22727273  0.04545455  0.40909091  0.31818182]
 [ 0.5         0.13636364  0.04545455  0.31818182]
 [ 0.5         0.31818182  0.13636364  0.04545455]
 [ 0.13636364  0.04545455  0.40909091  0.40909091]]
Sites: [ 393.  416.  408.  280.  481.  130.  272.  376.  350.  259.]
t
g
g
a
g
a
a
g
took time(seconds):59.64397192
That took 59.6441738605 sec!
-0.0312356564507
-0.0658360352675
3.02520641809
2.98809289499
3.09104245336
3.07590117603
3.0336793967
3.00244374025
-0.0346003788169
-0.0607277790299
0.833090096992
0.806962696779
-0.0602905142044
-0.120581028409
-0.0967534834579
0.054780467434
1.48160454092
1.4664632636
1.4293497405
1.39474936168
-0.17328679514
-0.0217528442481
0.404434178812
0.344143664607
0.69314718056
0.658546801743
0.63241940153
0.617278124204
1.99243016469
1.97728888736
1.94017536426
1.90306184116
11.1115127911
Processing folder with 10 iterations
Motif: [[ 0.5         0.13636364  0.04545455  0.31818182]
 [ 0.22727273  0.5         0.13636364  0.13636364]
 [ 0.59090909  0.22727273  0.04545455  0.13636364]
 [ 0.59090909  0.04545455  0.31818182  0.04545455]
 [ 0.13636364  0.5         0.13636364  0.22727273]
 [ 0.13636364  0.59090909  0.04545455  0.22727273]
 [ 0.13636364  0.31818182  0.22727273  0.31818182]
 [ 0.31818182  0.13636364  0.40909091  0.13636364]]
Sites: [  21.  228.  473.   25.  355.    2.  353.  456.  271.  307.]
a
c
a
a
c
c
c
g
took time(seconds):59.604432106
That took 59.6046559811 sec!
-0.0391202300543
1.95330993463
1.93816865731
1.90356827849
-0.0312356564507
-0.0703558865049
1.92207427818
1.89594687797
-0.0407907709009
-0.0720264273516
3.01901602601
2.99288862579
0.526093095897
0.510951818571
0.476351439754
0.461210162428
-0.026127400213
-0.0652476302673
1.92718253442
1.89594687797
-0.026127400213
0.499965695684
0.484824418358
0.453588761907
1.99243016469
1.95782978587
1.92659412942
1.8919937506
-0.0346003788169
-0.0607277790299
0.833090096992
0.806962696779
12.3021060319
Processing folder with 10 iterations
Motif: [[ 0.31818182  0.22727273  0.13636364  0.31818182]
 [ 0.04545455  0.59090909  0.22727273  0.13636364]
 [ 0.40909091  0.04545455  0.40909091  0.13636364]
 [ 0.04545455  0.31818182  0.5         0.13636364]
 [ 0.22727273  0.31818182  0.31818182  0.13636364]
 [ 0.22727273  0.5         0.13636364  0.13636364]
 [ 0.13636364  0.04545455  0.59090909  0.22727273]
 [ 0.40909091  0.5         0.04545455  0.04545455]]
Sites: [  26.  135.  352.  350.  404.  456.   12.  478.  163.  195.]
a
c
a
g
c
c
g
c
took time(seconds):59.633920908
That took 59.6340389252 sec!
-0.0346003788169
-0.0658360352675
-0.0919634354805
1.05316886882
-0.0151412773263
0.510951818571
0.47971616212
0.453588761907
-0.0371135230997
3.05392893026
3.01681540716
2.99068800695
-0.0151412773263
1.12999102698
1.09087079692
1.06474339671
-0.0312356564507
-0.0658360352675
1.07929626903
1.05316886882
-0.0312356564507
0.661911524109
0.635784123896
0.609656723683
1.99243016469
1.97728888736
1.93649811646
1.90526246001
-0.0371135230997
0.65603365746
0.640892380134
0.625751102808
9.75602818971
Processing folder with 10 iterations
Motif: [[ 0.22727273  0.22727273  0.13636364  0.40909091]
 [ 0.13636364  0.5         0.13636364  0.22727273]
 [ 0.31818182  0.04545455  0.59090909  0.04545455]
 [ 0.04545455  0.13636364  0.13636364  0.68181818]
 [ 0.22727273  0.59090909  0.04545455  0.13636364]
 [ 0.59090909  0.13636364  0.22727273  0.04545455]
 [ 0.22727273  0.22727273  0.40909091  0.13636364]
 [ 0.04545455  0.22727273  0.22727273  0.5       ]]
Sites: [ 271.  367.   73.  412.  335.  473.    2.   41.  404.  396.]
t
c
g
t
c
a
g
t
took time(seconds):59.9758930206
That took 59.9760100842 sec!
1.48160454092
1.45036888447
1.42424148426
1.38712796116
-0.026127400213
-0.0652476302673
-0.0913750304803
1.39022951044
-0.0346003788169
-0.0497416561431
-0.0905324270441
3.00051002632
-0.0151412773263
-0.0412686775393
1.95116148715
1.90893970781
-0.0312356564507
-0.0720264273516
-0.0871677046779
1.90526246001
-0.0407907709009
-0.0669181711139
-0.0981538275646
2.99288862579
1.48160454092
1.45036888447
1.41325536137
1.38712796116
-0.0151412773263
-0.0463769337769
1.43522760715
1.39610737709
15.3681936298
Processing folder with 10 iterations
Motif: [[ 0.13636364  0.40909091  0.31818182  0.13636364]
 [ 0.5         0.31818182  0.13636364  0.04545455]
 [ 0.68181818  0.13636364  0.04545455  0.13636364]
 [ 0.04545455  0.22727273  0.22727273  0.5       ]
 [ 0.13636364  0.40909091  0.40909091  0.04545455]
 [ 0.13636364  0.13636364  0.40909091  0.31818182]
 [ 0.77272727  0.04545455  0.13636364  0.04545455]]
Sites: [ 173.  359.  444.  160.  450.  380.  369.  330.  463.  464.]
c
a
a
t
c
g
a
took time(seconds):60.0699119568
That took 60.0700540543 sec!
0.151533950892
0.0284148296174
-0.031875684587
0.119658266305
0.69314718056
0.658546801743
0.63241940153
0.617278124204
0.382992252256
0.356864852043
0.341723574717
0.315596174504
-0.0151412773263
-0.0463769337769
-0.0776125902276
0.615534590332
1.99243016469
1.95531664159
1.91820311849
1.90306184116
-0.026127400213
-0.052254800426
-0.0893683235257
1.05576398078
0.257829109302
0.242687831976
0.216560431763
0.201419154437
4.82831213172
Processing folder with 10 iterations
Motif: [[ 0.04545455  0.13636364  0.13636364  0.68181818]
 [ 0.22727273  0.22727273  0.13636364  0.40909091]
 [ 0.04545455  0.40909091  0.22727273  0.31818182]
 [ 0.04545455  0.40909091  0.22727273  0.31818182]
 [ 0.5         0.04545455  0.13636364  0.31818182]
 [ 0.13636364  0.22727273  0.31818182  0.31818182]
 [ 0.40909091  0.04545455  0.5         0.04545455]
 [ 0.13636364  0.31818182  0.04545455  0.5       ]]
Sites: [ 338.  384.  382.   66.  390.   54.  233.  191.  193.  333.]
t
t
c
c
a
g
g
t
took time(seconds):59.5696549416
That took 59.5697669983 sec!
-0.0151412773263
-0.0412686775393
-0.0673960777523
0.315596174504
-0.0312356564507
-0.0624713129013
1.92995885179
1.89284532869
-0.0151412773263
-0.0522548004259
1.4293497405
1.39474936168
-0.0151412773263
0.878676598696
0.847440942245
0.812840563428
-0.0391202300543
-0.0542615073806
-0.0803889075936
1.06474339671
-0.026127400213
-0.0573630566637
-0.0919634354805
1.05316886882
-0.0371135230997
-0.0522548004259
-0.0913750304802
2.99966742288
1.99243016469
1.95782978587
1.94268850854
1.90356827849
11.4371793952
Processing folder with 10 iterations
Motif: [[ 0.04545455  0.40909091  0.13636364  0.40909091]
 [ 0.22727273  0.40909091  0.22727273  0.13636364]
 [ 0.5         0.04545455  0.13636364  0.31818182]
 [ 0.5         0.31818182  0.04545455  0.13636364]
 [ 0.04545455  0.13636364  0.59090909  0.22727273]
 [ 0.40909091  0.31818182  0.22727273  0.04545455]
 [ 0.31818182  0.40909091  0.22727273  0.04545455]
 [ 0.68181818  0.04545455  0.04545455  0.22727273]]
Sites: [ 146.  368.   59.  429.  180.  156.  272.  374.  307.  251.]
c
c
a
a
g
a
c
a
took time(seconds):59.7541549206
That took 59.7542798519 sec!
0.42618702306
0.303067901785
0.454601852677
0.331482731403
1.48160454092
1.44449101782
1.41325536137
1.38712796116
-0.0391202300543
-0.0542615073806
1.93816865731
1.90356827849
-0.0391202300543
-0.0737206088711
-0.0888618861974
1.90356827849
-0.0151412773263
-0.0412686775393
0.484824418358
0.453588761907
-0.0371135230997
1.1080187812
1.07678312475
1.06164184743
-0.0346003788169
-0.0717139019165
1.40989063901
1.39474936168
-0.0422217793373
3.04882067402
3.0336793967
3.00244374025
11.4381709608
Processing folder with 10 iterations
Motif: [[ 0.13636364  0.5         0.04545455  0.31818182]
 [ 0.31818182  0.40909091  0.04545455  0.22727273]
 [ 0.13636364  0.31818182  0.13636364  0.40909091]
 [ 0.04545455  0.22727273  0.22727273  0.5       ]
 [ 0.31818182  0.40909091  0.13636364  0.13636364]
 [ 0.31818182  0.5         0.13636364  0.04545455]
 [ 0.40909091  0.22727273  0.31818182  0.04545455]
 [ 0.22727273  0.22727273  0.40909091  0.13636364]]
Sites: [ 422.  141.  171.   89.   23.  131.  387.  485.  272.  322.]
c
c
t
t
c
c
a
g
took time(seconds):59.4908709526
That took 59.4910159111 sec!
-0.026127400213
0.667019780347
0.651878503021
0.617278124204
-0.0346003788169
0.859217497205
0.844076219879
0.812840563428
1.99243016469
1.95782978587
1.93170238566
1.89458886256
-0.0151412773263
-0.0463769337769
-0.0776125902276
0.615534590332
1.1451323043
1.1080187812
1.08189138099
1.05576398078
-0.0602905142044
-0.233577309344
-0.0820433584524
0.344143664607
-0.0371135230997
-0.0683491795503
-0.102949558367
2.98809289499
-0.0312356564507
1.45036888447
1.41325536137
1.38712796116
9.71537064206
Processing folder with 10 iterations
Motif: [[ 0.04545455  0.13636364  0.40909091  0.40909091]
 [ 0.22727273  0.04545455  0.40909091  0.31818182]
 [ 0.04545455  0.5         0.40909091  0.04545455]
 [ 0.22727273  0.04545455  0.31818182  0.40909091]
 [ 0.31818182  0.22727273  0.04545455  0.40909091]
 [ 0.04545455  0.22727273  0.5         0.22727273]
 [ 0.04545455  0.31818182  0.31818182  0.31818182]
 [ 0.31818182  0.22727273  0.04545455  0.40909091]]
Sites: [ 209.  462.   86.  378.  227.  476.  327.  250.  469.  119.]
g
g
c
t
t
g
c
t
took time(seconds):59.406006813
That took 59.4061300755 sec!
3.09104245336
3.06491505315
3.02780153005
2.99068800695
1.48160454092
1.4664632636
1.4293497405
1.39474936168
-0.0151412773263
-0.0542615073806
0.839556368641
0.824415091315
1.48160454092
1.4664632636
1.43186288478
1.39474936168
-0.0346003788169
1.44700416211
1.43186288478
1.39474936168
-0.0151412773263
1.4664632636
1.42734303354
1.39610737709
-0.0151412773263
-0.0497416561431
-0.08434203496
1.06079026934
-0.0346003788169
-0.0658360352675
-0.0809773125938
0.812840563428
11.2690893932
Processing folder with 10 iterations
Motif: [[ 0.31818182  0.13636364  0.5         0.04545455]
 [ 0.5         0.04545455  0.31818182  0.13636364]
 [ 0.40909091  0.22727273  0.13636364  0.22727273]
 [ 0.31818182  0.22727273  0.31818182  0.13636364]
 [ 0.5         0.13636364  0.22727273  0.13636364]
 [ 0.31818182  0.22727273  0.13636364  0.31818182]
 [ 0.13636364  0.13636364  0.59090909  0.13636364]
 [ 0.04545455  0.13636364  0.5         0.31818182]]
Sites: [  93.  263.   99.  231.  447.  136.  133.   11.  214.  220.]
g
a
a
a
a
a
g
g
took time(seconds):59.7236480713
That took 59.7237648964 sec!
-0.0346003788169
-0.0607277790299
0.63241940153
0.617278124204
-0.0391202300543
-0.0542615073806
1.09087079692
1.06474339671
0.893817876022
0.862582219571
0.836454819358
0.805219162908
-0.0346003788169
-0.0658360352675
-0.100436414084
1.8919937506
-0.0391202300543
1.95330993463
1.92207427818
1.89594687797
1.1451323043
1.11389664785
1.08776924764
1.05316886882
-0.026127400213
1.96630276447
1.92551199357
1.89938459336
-0.0151412773263
-0.0412686775393
0.651878503021
0.617278124204
9.84501289878
Processing folder with 10 iterations
Motif: [[ 0.22727273  0.40909091  0.04545455  0.31818182]
 [ 0.13636364  0.04545455  0.5         0.31818182]
 [ 0.22727273  0.59090909  0.04545455  0.13636364]
 [ 0.5         0.04545455  0.40909091  0.04545455]
 [ 0.5         0.13636364  0.13636364  0.22727273]
 [ 0.5         0.04545455  0.40909091  0.04545455]
 [ 0.04545455  0.31818182  0.22727273  0.40909091]
 [ 0.40909091  0.04545455  0.22727273  0.31818182]]
Sites: [ 108.  365.  479.  418.  172.    4.  176.  311.  295.   60.]
c
g
c
a
a
a
t
a
took time(seconds):60.4594628811
That took 60.4596230984 sec!
-0.0312356564507
0.862582219571
0.847440942245
0.812840563428
-0.026127400213
-0.0412686775393
0.651878503021
0.617278124204
-0.0312356564507
-0.0720264273516
-0.0871677046779
1.90526246001
-0.0391202300543
-0.0542615073806
0.839556368641
0.824415091315
-0.0391202300543
-0.0652476302673
-0.0913750304803
1.39022951044
-0.0391202300543
-0.0542615073806
-0.0913750304802
2.99966742288
3.09104245336
3.05644207454
3.02520641809
2.98809289499
-0.0371135230997
-0.0522548004259
1.4293497405
1.39474936168
12.932535429
Processing folder with 10 iterations
Motif: [[ 0.31818182  0.40909091  0.13636364  0.13636364]
 [ 0.04545455  0.04545455  0.77272727  0.13636364]
 [ 0.22727273  0.68181818  0.04545455  0.04545455]
 [ 0.04545455  0.59090909  0.13636364  0.22727273]
 [ 0.40909091  0.04545455  0.5         0.04545455]
 [ 0.04545455  0.31818182  0.40909091  0.22727273]
 [ 0.22727273  0.04545455  0.68181818  0.04545455]
 [ 0.68181818  0.04545455  0.13636364  0.13636364]]
Sites: [ 407.  408.  399.   84.  298.  444.   81.   70.   16.  265.]
c
g
c
c
g
g
g
a
took time(seconds):59.5501019955
That took 59.5502200127 sec!
-0.0346003788169
-0.0717139019165
1.92071626277
1.89458886256
-0.0151412773263
3.07590117603
3.03242776527
3.00630036505
1.48160454092
1.43938276159
1.42424148426
1.40910020693
0.42618702306
0.211136706754
0.362670657646
0.386498202597
0.893817876022
0.878676598696
0.839556368641
0.824415091315
-0.0151412773263
-0.0497416561431
-0.0868551792428
1.39474936168
-0.0312356564507
3.05980679691
3.01758501757
3.00244374025
-0.0422217793373
-0.0573630566636
1.93506710802
1.90893970781
13.8270355382
Processing folder with 10 iterations
Motif: [[ 0.04545455  0.40909091  0.22727273  0.31818182]
 [ 0.5         0.04545455  0.22727273  0.22727273]
 [ 0.04545455  0.22727273  0.40909091  0.31818182]
 [ 0.22727273  0.31818182  0.04545455  0.40909091]
 [ 0.22727273  0.31818182  0.13636364  0.31818182]
 [ 0.04545455  0.5         0.22727273  0.22727273]
 [ 0.5         0.13636364  0.13636364  0.22727273]
 [ 0.13636364  0.5         0.22727273  0.13636364]]
Sites: [ 409.  205.  403.   18.  226.  269.  127.  455.   38.   14.]
c
a
g
t
c
c
a
c
took time(seconds):59.7066619396
That took 59.7067830563 sec!
3.09104245336
3.05392893026
3.02269327381
2.98809289499
-0.0391202300543
-0.0542615073806
1.42734303354
1.39610737709
-0.0151412773263
1.4664632636
1.4293497405
1.39474936168
1.48160454092
1.44700416211
1.43186288478
1.39474936168
-0.0312356564507
-0.0658360352675
-0.0919634354805
1.05316886882
-0.0151412773263
0.678005903234
0.646770246783
0.615534590332
-0.0391202300543
1.95330993463
1.92718253442
1.89594687797
-0.026127400213
-0.0652476302673
1.41635691066
1.39022951044
12.128578843
Processing folder with 10 iterations
Motif: [[ 0.45238095  0.07142857  0.16666667  0.30952381]
 [ 0.21428571  0.21428571  0.21428571  0.35714286]
 [ 0.11904762  0.11904762  0.4047619   0.35714286]
 [ 0.11904762  0.26190476  0.30952381  0.30952381]
 [ 0.16666667  0.21428571  0.35714286  0.26190476]
 [ 0.16666667  0.4047619   0.30952381  0.11904762]
 [ 0.30952381  0.16666667  0.11904762  0.4047619 ]
 [ 0.21428571  0.16666667  0.45238095  0.16666667]]
Sites: [ 338.  398.   70.  105.  455.  244.  216.  395.  178.  448.  148.  202.
   52.  154.  107.  112.  278.    3.   37.  185.]
a
t
g
g
g
c
t
g
took time(seconds):60.6520678997
That took 60.6521790028 sec!
0.793230639117
0.773569510553
0.745435403385
0.711110904134
1.54044504095
1.5097977895
1.47915053804
1.44339503036
2.12823170585
2.10346232104
2.06645518193
2.03069967424
-0.0247693848014
-0.0574233432065
1.11529691761
1.08097241836
-0.0281341071676
1.51231093378
1.47655542609
1.44390146769
1.79175946923
1.75475233011
1.72042783086
1.69565844606
-0.0533935250747
0.0479727519519
0.233457088133
0.11299756641
-0.0306472514504
-0.058781358618
0.734449280499
0.706315173331
9.22505068057
Processing folder with 10 iterations
Motif: [[ 0.4047619   0.26190476  0.21428571  0.11904762]
 [ 0.11904762  0.21428571  0.35714286  0.30952381]
 [ 0.16666667  0.11904762  0.5952381   0.11904762]
 [ 0.07142857  0.35714286  0.35714286  0.21428571]
 [ 0.26190476  0.02380952  0.5         0.21428571]
 [ 0.30952381  0.30952381  0.11904762  0.26190476]
 [ 0.16666667  0.30952381  0.11904762  0.4047619 ]
 [ 0.07142857  0.45238095  0.35714286  0.11904762]]
Sites: [ 335.  391.  424.   77.  281.  253.  291.  474.  450.  410.  166.  116.
  115.  126.   68.  367.  353.  370.  268.  236.]
a
g
g
c
g
a
t
c
took time(seconds):60.6903140545
That took 60.690431118 sec!
-0.0370071391176
1.30276720637
1.27211995492
1.24735057011
0.185484336182
0.224022006138
0.134853270153
0.0814597450786
-0.0281341071676
2.10009759868
2.05923383475
2.03446444995
-0.0196611285637
1.00995828862
0.974202780929
0.943555529479
-0.032653958405
3.70501565988
3.66589542983
3.63524817837
1.17272026082
1.13839576157
1.11362637677
1.08097241836
-0.0281341071676
-0.0624586064193
2.06577309943
2.02876596031
2.63905732961
2.60093793415
2.56518242646
2.54041304166
13.5922298933
Processing folder with 10 iterations
Motif: [[ 0.35714286  0.21428571  0.35714286  0.07142857]
 [ 0.26190476  0.21428571  0.21428571  0.30952381]
 [ 0.26190476  0.21428571  0.35714286  0.16666667]
 [ 0.35714286  0.26190476  0.35714286  0.02380952]
 [ 0.16666667  0.21428571  0.21428571  0.4047619 ]
 [ 0.4047619   0.11904762  0.21428571  0.26190476]
 [ 0.16666667  0.35714286  0.11904762  0.35714286]
 [ 0.16666667  0.26190476  0.26190476  0.30952381]]
Sites: [ 315.  327.  426.  219.  187.  112.  447.  311.   62.  237.   71.  139.
   75.  287.  478.  474.  488.   73.  347.  245.]
a
t
g
a
t
a
c
t
took time(seconds):60.3162989616
That took 60.3164489269 sec!
1.02961941718
0.99897216573
0.963216658042
0.943555529479
-0.032653958405
-0.0633012098555
1.47714383109
1.44281933184
1.33977434548
1.30912709403
1.27337158635
1.24523747918
1.02961941718
0.996965458776
0.961209951088
0.952534945411
1.79175946923
1.76111221778
1.73046496633
1.69345782721
-0.0370071391176
-0.061776523919
-0.0924237753695
1.24735057011
-0.0281341071676
-0.0638896148557
2.06434209099
2.0285865833
1.79175946923
1.75910551082
1.72645155242
1.69212705316
11.2456693197
Processing folder with 10 iterations
Motif: [[ 0.35714286  0.16666667  0.21428571  0.26190476]
 [ 0.16666667  0.30952381  0.21428571  0.30952381]
 [ 0.30952381  0.21428571  0.16666667  0.30952381]
 [ 0.45238095  0.21428571  0.16666667  0.16666667]
 [ 0.21428571  0.30952381  0.35714286  0.11904762]
 [ 0.26190476  0.35714286  0.16666667  0.21428571]
 [ 0.4047619   0.07142857  0.11904762  0.4047619 ]
 [ 0.45238095  0.07142857  0.26190476  0.21428571]]
Sites: [  84.    8.  202.  214.  138.  462.   45.  226.  110.  152.  335.  124.
  212.   69.  383.  233.  198.  230.  135.  233.]
a
c
a
a
g
c
a
a
took time(seconds):60.244797945
That took 60.2449321747 sec!
-0.0357555076881
1.75600396154
1.72535671009
1.69270275168
-0.0281341071676
1.14458615365
1.1139389022
1.07961440295
-0.0343244992517
-0.0649717507021
1.72678771852
1.69246321927
-0.0381193954687
-0.0687666469191
1.72299282231
1.69485871514
0.0385376699565
-0.0148558551182
-0.104024591103
0.0814597450786
-0.032653958405
-0.0684094660931
-0.0965435732607
1.44390146769
-0.0370071391176
-0.0566682676813
2.07156343816
2.03455629905
0.793230639117
0.773569510553
0.740915552148
0.710268300698
10.4298249016
Processing folder with 10 iterations
Motif: [[ 0.35714286  0.30952381  0.26190476  0.07142857]
 [ 0.11904762  0.16666667  0.4047619   0.30952381]
 [ 0.16666667  0.35714286  0.07142857  0.4047619 ]
 [ 0.11904762  0.26190476  0.4047619   0.21428571]
 [ 0.5         0.21428571  0.21428571  0.07142857]
 [ 0.02380952  0.26190476  0.21428571  0.5       ]
 [ 0.21428571  0.26190476  0.4047619   0.11904762]
 [ 0.11904762  0.26190476  0.30952381  0.30952381]]
Sites: [   8.  311.  361.  217.  431.  414.  103.  285.  180.   20.   26.  226.
  100.  482.  381.  219.  244.  479.  360.    2.]
a
g
t
g
a
t
g
g
took time(seconds):60.6399362087
That took 60.6400671005 sec!
-0.0357555076881
-0.0700800069397
1.26969433854
1.25003320998
2.12823170585
2.10009759868
2.06309045956
2.02876596031
-0.0281341071676
-0.0638896148557
-0.0835507434194
0.820905530807
-0.0247693848014
1.31500496068
1.27799782157
1.24735057011
-0.0391202300543
-0.0697674815047
-0.100414732955
2.53864259666
-0.00867500567704
1.33109933981
1.30045208836
1.2613318583
1.54044504095
1.50779108254
1.47078394342
1.44601455862
-0.0247693848014
-0.0574233432065
1.11529691761
1.08097241836
11.6740167032
Processing folder with 10 iterations
Motif: [[ 0.16666667  0.4047619   0.30952381  0.11904762]
 [ 0.35714286  0.26190476  0.11904762  0.26190476]
 [ 0.07142857  0.26190476  0.4047619   0.26190476]
 [ 0.4047619   0.16666667  0.30952381  0.11904762]
 [ 0.21428571  0.4047619   0.16666667  0.21428571]
 [ 0.26190476  0.16666667  0.26190476  0.30952381]
 [ 0.30952381  0.16666667  0.30952381  0.21428571]
 [ 0.11904762  0.26190476  0.35714286  0.26190476]]
Sites: [ 376.  224.  284.  338.  490.  385.  261.  207.  131.   89.   34.  290.
  249.  437.  444.  114.  219.   97.   68.  471.]
c
a
g
a
c
t
a
g
took time(seconds):60.9680440426
That took 60.9681677818 sec!
0.101366277027
-0.0190932446967
-0.0724867697714
0.11299756641
1.02961941718
0.996965458776
0.972196073974
0.939542115569
-0.0196611285637
1.32011321692
1.2831060778
1.2504521194
-0.0370071391176
-0.0651412462852
1.10757901454
1.08280962973
-0.0306472514504
-0.067654390568
-0.0957884977357
1.44465654321
-0.032653958405
-0.0607880655727
-0.0934420239777
1.07927823684
-0.0343244992517
-0.0624586064193
-0.096783105671
1.44366193527
-0.0247693848014
-0.0574233432065
-0.0931788508945
1.24659549459
8.59999364103
Processing folder with 10 iterations
Motif: [[ 0.35714286  0.21428571  0.21428571  0.21428571]
 [ 0.21428571  0.35714286  0.21428571  0.21428571]
 [ 0.26190476  0.30952381  0.21428571  0.21428571]
 [ 0.26190476  0.35714286  0.07142857  0.30952381]
 [ 0.16666667  0.21428571  0.16666667  0.45238095]
 [ 0.26190476  0.21428571  0.07142857  0.45238095]
 [ 0.35714286  0.07142857  0.26190476  0.30952381]
 [ 0.21428571  0.30952381  0.16666667  0.30952381]]
Sites: [ 271.   83.  219.  392.   60.  310.  255.  490.  266.  421.  350.   65.
  268.    7.  387.  394.   53.  260.  141.  277.]
a
c
c
c
t
t
a
c
took time(seconds):60.3310730457
That took 60.3311910629 sec!
-0.0357555076881
-0.0664027591385
-0.0970500105889
1.44339503036
-0.0306472514504
0.99897216573
0.96832491428
0.937677662829
-0.032653958405
-0.0669784576567
-0.0976257091071
1.44281933184
-0.032653958405
0.996965458776
0.977304330212
0.94297983096
-0.0281341071676
-0.058781358618
1.73297811061
1.69485871514
-0.032653958405
-0.0633012098555
2.57575611976
2.53763672429
-0.0357555076881
-0.0554166362518
-0.0880705946568
1.08464966616
1.54044504095
1.50612054169
1.47798643453
1.44366193527
11.5276788969
Processing folder with 10 iterations
Motif: [[ 0.21428571  0.16666667  0.5952381   0.02380952]
 [ 0.45238095  0.30952381  0.07142857  0.16666667]
 [ 0.30952381  0.26190476  0.35714286  0.07142857]
 [ 0.16666667  0.35714286  0.26190476  0.21428571]
 [ 0.35714286  0.26190476  0.21428571  0.16666667]
 [ 0.30952381  0.26190476  0.26190476  0.16666667]
 [ 0.5         0.16666667  0.30952381  0.02380952]
 [ 0.21428571  0.35714286  0.21428571  0.21428571]]
Sites: [ 168.  452.  142.  207.  428.   38.  221.  397.  186.  174.  440.  452.
  145.  343.  366.  357.  133.  370.   94.  333.]
g
a
g
c
a
a
a
c
took time(seconds):60.406940937
That took 60.4070239067 sec!
-0.0306472514504
-0.058781358618
-0.0996451225438
3.63802449574
-0.0381193954687
-0.0724438947204
2.56661343489
2.53847932773
-0.0533935250747
-0.0650235289836
-0.154192264968
0.158998477155
-0.0281341071676
-0.0638896148557
-0.0965435732607
1.44390146769
-0.0357555076881
-0.0684094660931
1.47203557485
1.44390146769
1.17272026082
1.14006630242
1.10741234401
1.07927823684
-0.0391202300543
-0.0672543372219
-0.101578836474
3.63609078181
-0.0306472514504
-0.0664027591385
-0.0970500105889
1.44339503036
15.382069285
Processing folder with 10 iterations
Motif: [[ 0.16666667  0.54761905  0.11904762  0.16666667]
 [ 0.30952381  0.21428571  0.26190476  0.21428571]
 [ 0.30952381  0.16666667  0.26190476  0.26190476]
 [ 0.11904762  0.26190476  0.35714286  0.26190476]
 [ 0.35714286  0.4047619   0.11904762  0.11904762]
 [ 0.11904762  0.11904762  0.5         0.26190476]
 [ 0.11904762  0.35714286  0.16666667  0.35714286]
 [ 0.16666667  0.45238095  0.30952381  0.07142857]]
Sites: [ 135.  311.  196.  395.  371.  474.  333.   98.  183.  366.  220.  415.
  422.  172.   90.  254.  139.    4.  113.  416.]
c
a
a
g
c
g
c
c
took time(seconds):61.0598819256
That took 61.0599720478 sec!
1.79175946923
1.75172952139
1.72696013659
1.69882602942
1.17272026082
1.14207300937
1.10941905097
1.07877179952
-0.0343244992517
-0.0624586064193
-0.0951125648243
1.24466178066
-0.0247693848014
-0.0574233432065
0.972196073974
0.939542115569
1.02961941718
0.992612278063
0.967842893262
0.94307350846
0.185484336182
0.370968672363
0.197681877223
0.186051873314
2.12823170585
2.09247619816
2.06434209099
2.0285865833
-0.0281341071676
0.765096531949
0.730772032698
0.711110904134
8.83062459438
Processing folder with 10 iterations
Motif: [[ 0.07142857  0.45238095  0.30952381  0.16666667]
 [ 0.30952381  0.26190476  0.30952381  0.11904762]
 [ 0.30952381  0.35714286  0.16666667  0.16666667]
 [ 0.30952381  0.21428571  0.21428571  0.26190476]
 [ 0.07142857  0.30952381  0.45238095  0.16666667]
 [ 0.26190476  0.21428571  0.35714286  0.16666667]
 [ 0.11904762  0.26190476  0.21428571  0.4047619 ]
 [ 0.45238095  0.26190476  0.21428571  0.07142857]]
Sites: [   1.  265.   72.  454.  213.  130.  388.   58.  219.  105.  138.   85.
  396.   66.  214.  401.    6.   88.  360.    1.]
c
a
c
a
g
g
t
a
took time(seconds):60.2246189117
That took 60.224709034 sec!
-0.0196611285637
0.773569510553
0.739245011301
0.711110904134
1.17272026082
1.14006630242
1.10574180316
1.08097241836
-0.0343244992517
-0.0700800069397
-0.0982141141074
1.69354535512
-0.0343244992517
1.50612054169
1.47547329024
1.44281933184
-0.0196611285637
1.15305913226
1.11493973679
1.08680562962
-0.032653958405
1.50779108254
1.47203557485
1.44390146769
-0.0247693848014
1.31500496068
1.28435770923
1.24735057011
0.793230639117
0.760576680712
0.729929429261
0.710268300698
9.41677397757
